<?xml version="1.0" encoding="UTF-8"?>
<testng-results ignored="0" total="17" passed="16" failed="1" skipped="0">
  <reporter-output>
  </reporter-output>
  <suite started-at="2021-09-28T18:25:37 IST" name="Suite" finished-at="2021-09-28T18:28:45 IST" duration-ms="187296">
    <groups>
    </groups>
    <test started-at="2021-09-28T18:25:37 IST" name="Test" finished-at="2021-09-28T18:28:45 IST" duration-ms="187296">
      <class name="com.testcases.TestForms">
        <test-method is-config="true" signature="launch()[pri:0, instance:com.testcases.TestForms@7b993c65]" started-at="2021-09-28T18:26:57 IST" name="launch" finished-at="2021-09-28T18:27:03 IST" duration-ms="5589" status="PASS">
          <reporter-output>
          </reporter-output>
        </test-method> <!-- launch -->
        <test-method signature="form()[pri:1, instance:com.testcases.TestForms@7b993c65]" started-at="2021-09-28T18:27:03 IST" name="form" finished-at="2021-09-28T18:27:03 IST" duration-ms="172" status="PASS">
          <reporter-output>
          </reporter-output>
        </test-method> <!-- form -->
        <test-method is-config="true" signature="Screenshot(org.testng.ITestResult)[pri:0, instance:com.testcases.TestForms@7b993c65]" started-at="2021-09-28T18:27:03 IST" name="Screenshot" finished-at="2021-09-28T18:27:03 IST" duration-ms="1" status="PASS">
          <params>
            <param index="0">
              <value>
                <![CDATA[[TestResult name=form status=SUCCESS method=TestForms.form()[pri:1, instance:com.testcases.TestForms@7b993c65] output={null}]]]>
              </value>
            </param>
          </params>
          <reporter-output>
          </reporter-output>
        </test-method> <!-- Screenshot -->
        <test-method signature="Records(java.lang.String,java.lang.String,java.lang.String,java.lang.String,java.lang.String)[pri:2, instance:com.testcases.TestForms@7b993c65]" started-at="2021-09-28T18:27:04 IST" name="Records" data-provider="getExcellData" finished-at="2021-09-28T18:27:28 IST" duration-ms="24388" status="PASS">
          <params>
            <param index="0">
              <value>
                <![CDATA[Sagar]]>
              </value>
            </param>
            <param index="1">
              <value>
                <![CDATA[Gone]]>
              </value>
            </param>
            <param index="2">
              <value>
                <![CDATA[sagar@123.com]]>
              </value>
            </param>
            <param index="3">
              <value>
                <![CDATA[1234567899]]>
              </value>
            </param>
            <param index="4">
              <value>
                <![CDATA[Worli,Mumbai]]>
              </value>
            </param>
          </params>
          <reporter-output>
          </reporter-output>
        </test-method> <!-- Records -->
        <test-method is-config="true" signature="Screenshot(org.testng.ITestResult)[pri:0, instance:com.testcases.TestForms@7b993c65]" started-at="2021-09-28T18:27:28 IST" name="Screenshot" finished-at="2021-09-28T18:27:28 IST" duration-ms="0" status="PASS">
          <params>
            <param index="0">
              <value>
                <![CDATA[[TestResult name=Records status=SUCCESS method=TestForms.Records(java.lang.String,java.lang.String,java.lang.String,java.lang.String,java.lang.String)[pri:2, instance:com.testcases.TestForms@7b993c65] output={null}]]]>
              </value>
            </param>
          </params>
          <reporter-output>
          </reporter-output>
        </test-method> <!-- Screenshot -->
        <test-method is-config="true" signature="endreport()[pri:0, instance:com.testcases.TestForms@7b993c65]" started-at="2021-09-28T18:27:28 IST" name="endreport" finished-at="2021-09-28T18:27:32 IST" duration-ms="4260" status="PASS">
          <reporter-output>
          </reporter-output>
        </test-method> <!-- endreport -->
      </class> <!-- com.testcases.TestForms -->
      <class name="com.testcases.TestElements">
        <test-method is-config="true" signature="launch()[pri:0, instance:com.testcases.TestElements@5f20155b]" started-at="2021-09-28T18:25:21 IST" name="launch" finished-at="2021-09-28T18:25:37 IST" duration-ms="15823" status="PASS">
          <reporter-output>
          </reporter-output>
        </test-method> <!-- launch -->
        <test-method signature="element()[pri:1, instance:com.testcases.TestElements@5f20155b]" started-at="2021-09-28T18:25:37 IST" name="element" finished-at="2021-09-28T18:25:40 IST" duration-ms="2521" status="PASS">
          <reporter-output>
          </reporter-output>
        </test-method> <!-- element -->
        <test-method is-config="true" signature="Screenshot(org.testng.ITestResult)[pri:0, instance:com.testcases.TestElements@5f20155b]" started-at="2021-09-28T18:25:40 IST" name="Screenshot" finished-at="2021-09-28T18:25:40 IST" duration-ms="4" status="PASS">
          <params>
            <param index="0">
              <value>
                <![CDATA[[TestResult name=element status=SUCCESS method=TestElements.element()[pri:1, instance:com.testcases.TestElements@5f20155b] output={null}]]]>
              </value>
            </param>
          </params>
          <reporter-output>
          </reporter-output>
        </test-method> <!-- Screenshot -->
        <test-method signature="text()[pri:2, instance:com.testcases.TestElements@5f20155b]" started-at="2021-09-28T18:25:40 IST" name="text" finished-at="2021-09-28T18:25:45 IST" duration-ms="4751" status="PASS">
          <reporter-output>
          </reporter-output>
        </test-method> <!-- text -->
        <test-method is-config="true" signature="Screenshot(org.testng.ITestResult)[pri:0, instance:com.testcases.TestElements@5f20155b]" started-at="2021-09-28T18:25:45 IST" name="Screenshot" finished-at="2021-09-28T18:25:45 IST" duration-ms="1" status="PASS">
          <params>
            <param index="0">
              <value>
                <![CDATA[[TestResult name=text status=SUCCESS method=TestElements.text()[pri:2, instance:com.testcases.TestElements@5f20155b] output={null}]]]>
              </value>
            </param>
          </params>
          <reporter-output>
          </reporter-output>
        </test-method> <!-- Screenshot -->
        <test-method signature="check()[pri:3, instance:com.testcases.TestElements@5f20155b]" started-at="2021-09-28T18:25:45 IST" name="check" finished-at="2021-09-28T18:25:49 IST" duration-ms="4274" status="PASS">
          <reporter-output>
          </reporter-output>
        </test-method> <!-- check -->
        <test-method is-config="true" signature="Screenshot(org.testng.ITestResult)[pri:0, instance:com.testcases.TestElements@5f20155b]" started-at="2021-09-28T18:25:49 IST" name="Screenshot" finished-at="2021-09-28T18:25:49 IST" duration-ms="1" status="PASS">
          <params>
            <param index="0">
              <value>
                <![CDATA[[TestResult name=check status=SUCCESS method=TestElements.check()[pri:3, instance:com.testcases.TestElements@5f20155b] output={null}]]]>
              </value>
            </param>
          </params>
          <reporter-output>
          </reporter-output>
        </test-method> <!-- Screenshot -->
        <test-method signature="radio()[pri:4, instance:com.testcases.TestElements@5f20155b]" started-at="2021-09-28T18:25:49 IST" name="radio" finished-at="2021-09-28T18:26:03 IST" duration-ms="14127" status="FAIL">
          <exception class="org.openqa.selenium.NoSuchElementException">
            <message>
              <![CDATA[no such element: Unable to locate element: {"method":"xpath","selector":"//label[text()="Ye"]"}
  (Session info: chrome=94.0.4606.61)
For documentation on this error, please visit: https://www.seleniumhq.org/exceptions/no_such_element.html
Build info: version: '3.141.59', revision: 'e82be7d358', time: '2018-11-14T08:25:48'
System info: host: 'DESKTOP-GGB8MRA', ip: '192.168.1.87', os.name: 'Windows 10', os.arch: 'amd64', os.version: '10.0', java.version: '15.0.2'
Driver info: org.openqa.selenium.chrome.ChromeDriver
Capabilities {acceptInsecureCerts: false, browserName: chrome, browserVersion: 94.0.4606.61, chrome: {chromedriverVersion: 94.0.4606.61 (418b78f5838ed..., userDataDir: C:\Users\user\AppData\Local...}, goog:chromeOptions: {debuggerAddress: localhost:55796}, javascriptEnabled: true, networkConnectionEnabled: false, pageLoadStrategy: normal, platform: WINDOWS, platformName: WINDOWS, proxy: Proxy(), setWindowRect: true, strictFileInteractability: false, timeouts: {implicit: 0, pageLoad: 300000, script: 30000}, unhandledPromptBehavior: dismiss and notify, webauthn:extension:credBlob: true, webauthn:extension:largeBlob: true, webauthn:virtualAuthenticators: true}
Session ID: 6e7f8cc377ce0669e86e29649b292aa0
*** Element info: {Using=xpath, value=//label[text()="Ye"]}]]>
            </message>
            <full-stacktrace>
              <![CDATA[org.openqa.selenium.NoSuchElementException: no such element: Unable to locate element: {"method":"xpath","selector":"//label[text()="Ye"]"}
  (Session info: chrome=94.0.4606.61)
For documentation on this error, please visit: https://www.seleniumhq.org/exceptions/no_such_element.html
Build info: version: '3.141.59', revision: 'e82be7d358', time: '2018-11-14T08:25:48'
System info: host: 'DESKTOP-GGB8MRA', ip: '192.168.1.87', os.name: 'Windows 10', os.arch: 'amd64', os.version: '10.0', java.version: '15.0.2'
Driver info: org.openqa.selenium.chrome.ChromeDriver
Capabilities {acceptInsecureCerts: false, browserName: chrome, browserVersion: 94.0.4606.61, chrome: {chromedriverVersion: 94.0.4606.61 (418b78f5838ed..., userDataDir: C:\Users\user\AppData\Local...}, goog:chromeOptions: {debuggerAddress: localhost:55796}, javascriptEnabled: true, networkConnectionEnabled: false, pageLoadStrategy: normal, platform: WINDOWS, platformName: WINDOWS, proxy: Proxy(), setWindowRect: true, strictFileInteractability: false, timeouts: {implicit: 0, pageLoad: 300000, script: 30000}, unhandledPromptBehavior: dismiss and notify, webauthn:extension:credBlob: true, webauthn:extension:largeBlob: true, webauthn:virtualAuthenticators: true}
Session ID: 6e7f8cc377ce0669e86e29649b292aa0
*** Element info: {Using=xpath, value=//label[text()="Ye"]}
at java.base/jdk.internal.reflect.NativeConstructorAccessorImpl.newInstance0(Native Method)
at java.base/jdk.internal.reflect.NativeConstructorAccessorImpl.newInstance(NativeConstructorAccessorImpl.java:64)
at java.base/jdk.internal.reflect.DelegatingConstructorAccessorImpl.newInstance(DelegatingConstructorAccessorImpl.java:45)
at java.base/java.lang.reflect.Constructor.newInstanceWithCaller(Constructor.java:500)
at java.base/java.lang.reflect.Constructor.newInstance(Constructor.java:481)
at org.openqa.selenium.remote.http.W3CHttpResponseCodec.createException(W3CHttpResponseCodec.java:187)
at org.openqa.selenium.remote.http.W3CHttpResponseCodec.decode(W3CHttpResponseCodec.java:122)
at org.openqa.selenium.remote.http.W3CHttpResponseCodec.decode(W3CHttpResponseCodec.java:49)
at org.openqa.selenium.remote.HttpCommandExecutor.execute(HttpCommandExecutor.java:158)
at org.openqa.selenium.remote.service.DriverCommandExecutor.execute(DriverCommandExecutor.java:83)
at org.openqa.selenium.remote.RemoteWebDriver.execute(RemoteWebDriver.java:552)
at org.openqa.selenium.remote.RemoteWebDriver.findElement(RemoteWebDriver.java:323)
at org.openqa.selenium.remote.RemoteWebDriver.findElementByXPath(RemoteWebDriver.java:428)
at org.openqa.selenium.By$ByXPath.findElement(By.java:353)
at org.openqa.selenium.remote.RemoteWebDriver.findElement(RemoteWebDriver.java:315)
at org.openqa.selenium.support.pagefactory.DefaultElementLocator.findElement(DefaultElementLocator.java:69)
at org.openqa.selenium.support.pagefactory.internal.LocatingElementHandler.invoke(LocatingElementHandler.java:38)
at com.sun.proxy.$Proxy20.click(Unknown Source)
at com.elements.RadioButton.radiobtn(RadioButton.java:22)
at com.testcases.TestElements.radio(TestElements.java:63)
at java.base/jdk.internal.reflect.NativeMethodAccessorImpl.invoke0(Native Method)
at java.base/jdk.internal.reflect.NativeMethodAccessorImpl.invoke(NativeMethodAccessorImpl.java:64)
at java.base/jdk.internal.reflect.DelegatingMethodAccessorImpl.invoke(DelegatingMethodAccessorImpl.java:43)
at java.base/java.lang.reflect.Method.invoke(Method.java:564)
at org.testng.internal.MethodInvocationHelper.invokeMethod(MethodInvocationHelper.java:133)
at org.testng.internal.TestInvoker.invokeMethod(TestInvoker.java:598)
at org.testng.internal.TestInvoker.invokeTestMethod(TestInvoker.java:173)
at org.testng.internal.MethodRunner.runInSequence(MethodRunner.java:46)
at org.testng.internal.TestInvoker$MethodInvocationAgent.invoke(TestInvoker.java:824)
at org.testng.internal.TestInvoker.invokeTestMethods(TestInvoker.java:146)
at org.testng.internal.TestMethodWorker.invokeTestMethods(TestMethodWorker.java:146)
at org.testng.internal.TestMethodWorker.run(TestMethodWorker.java:128)
at java.base/java.util.ArrayList.forEach(ArrayList.java:1511)
at org.testng.TestRunner.privateRun(TestRunner.java:794)
at org.testng.TestRunner.run(TestRunner.java:596)
at org.testng.SuiteRunner.runTest(SuiteRunner.java:377)
at org.testng.SuiteRunner.runSequentially(SuiteRunner.java:371)
at org.testng.SuiteRunner.privateRun(SuiteRunner.java:332)
at org.testng.SuiteRunner.run(SuiteRunner.java:276)
at org.testng.SuiteRunnerWorker.runSuite(SuiteRunnerWorker.java:53)
at org.testng.SuiteRunnerWorker.run(SuiteRunnerWorker.java:96)
at org.testng.TestNG.runSuitesSequentially(TestNG.java:1212)
at org.testng.TestNG.runSuitesLocally(TestNG.java:1134)
at org.testng.TestNG.runSuites(TestNG.java:1063)
at org.testng.TestNG.run(TestNG.java:1031)
at org.testng.remote.AbstractRemoteTestNG.run(AbstractRemoteTestNG.java:115)
at org.testng.remote.RemoteTestNG.initAndRun(RemoteTestNG.java:251)
at org.testng.remote.RemoteTestNG.main(RemoteTestNG.java:77)
]]>
            </full-stacktrace>
          </exception> <!-- org.openqa.selenium.NoSuchElementException -->
          <reporter-output>
          </reporter-output>
        </test-method> <!-- radio -->
        <test-method is-config="true" signature="Screenshot(org.testng.ITestResult)[pri:0, instance:com.testcases.TestElements@5f20155b]" started-at="2021-09-28T18:26:03 IST" name="Screenshot" finished-at="2021-09-28T18:26:03 IST" duration-ms="323" status="PASS">
          <params>
            <param index="0">
              <value>
                <![CDATA[[TestResult name=radio status=FAILURE method=TestElements.radio()[pri:4, instance:com.testcases.TestElements@5f20155b] output={null}]]]>
              </value>
            </param>
          </params>
          <reporter-output>
          </reporter-output>
        </test-method> <!-- Screenshot -->
        <test-method signature="webtables()[pri:5, instance:com.testcases.TestElements@5f20155b]" started-at="2021-09-28T18:26:03 IST" name="webtables" finished-at="2021-09-28T18:26:10 IST" duration-ms="6085" status="PASS">
          <reporter-output>
          </reporter-output>
        </test-method> <!-- webtables -->
        <test-method is-config="true" signature="Screenshot(org.testng.ITestResult)[pri:0, instance:com.testcases.TestElements@5f20155b]" started-at="2021-09-28T18:26:10 IST" name="Screenshot" finished-at="2021-09-28T18:26:10 IST" duration-ms="1" status="PASS">
          <params>
            <param index="0">
              <value>
                <![CDATA[[TestResult name=webtables status=SUCCESS method=TestElements.webtables()[pri:5, instance:com.testcases.TestElements@5f20155b] output={null}]]]>
              </value>
            </param>
          </params>
          <reporter-output>
          </reporter-output>
        </test-method> <!-- Screenshot -->
        <test-method signature="button()[pri:6, instance:com.testcases.TestElements@5f20155b]" started-at="2021-09-28T18:26:10 IST" name="button" finished-at="2021-09-28T18:26:20 IST" duration-ms="10511" status="PASS">
          <reporter-output>
          </reporter-output>
        </test-method> <!-- button -->
        <test-method is-config="true" signature="Screenshot(org.testng.ITestResult)[pri:0, instance:com.testcases.TestElements@5f20155b]" started-at="2021-09-28T18:26:20 IST" name="Screenshot" finished-at="2021-09-28T18:26:20 IST" duration-ms="1" status="PASS">
          <params>
            <param index="0">
              <value>
                <![CDATA[[TestResult name=button status=SUCCESS method=TestElements.button()[pri:6, instance:com.testcases.TestElements@5f20155b] output={null}]]]>
              </value>
            </param>
          </params>
          <reporter-output>
          </reporter-output>
        </test-method> <!-- Screenshot -->
        <test-method signature="links()[pri:7, instance:com.testcases.TestElements@5f20155b]" started-at="2021-09-28T18:26:20 IST" name="links" finished-at="2021-09-28T18:26:29 IST" duration-ms="9039" status="PASS">
          <reporter-output>
          </reporter-output>
        </test-method> <!-- links -->
        <test-method is-config="true" signature="Screenshot(org.testng.ITestResult)[pri:0, instance:com.testcases.TestElements@5f20155b]" started-at="2021-09-28T18:26:29 IST" name="Screenshot" finished-at="2021-09-28T18:26:29 IST" duration-ms="1" status="PASS">
          <params>
            <param index="0">
              <value>
                <![CDATA[[TestResult name=links status=SUCCESS method=TestElements.links()[pri:7, instance:com.testcases.TestElements@5f20155b] output={null}]]]>
              </value>
            </param>
          </params>
          <reporter-output>
          </reporter-output>
        </test-method> <!-- Screenshot -->
        <test-method signature="broken()[pri:8, instance:com.testcases.TestElements@5f20155b]" started-at="2021-09-28T18:26:29 IST" name="broken" finished-at="2021-09-28T18:26:46 IST" duration-ms="17294" status="PASS">
          <reporter-output>
          </reporter-output>
        </test-method> <!-- broken -->
        <test-method is-config="true" signature="Screenshot(org.testng.ITestResult)[pri:0, instance:com.testcases.TestElements@5f20155b]" started-at="2021-09-28T18:26:46 IST" name="Screenshot" finished-at="2021-09-28T18:26:46 IST" duration-ms="2" status="PASS">
          <params>
            <param index="0">
              <value>
                <![CDATA[[TestResult name=broken status=SUCCESS method=TestElements.broken()[pri:8, instance:com.testcases.TestElements@5f20155b] output={null}]]]>
              </value>
            </param>
          </params>
          <reporter-output>
          </reporter-output>
        </test-method> <!-- Screenshot -->
        <test-method signature="dynprop()[pri:9, instance:com.testcases.TestElements@5f20155b]" started-at="2021-09-28T18:26:46 IST" name="dynprop" finished-at="2021-09-28T18:26:56 IST" duration-ms="9851" status="PASS">
          <reporter-output>
          </reporter-output>
        </test-method> <!-- dynprop -->
        <test-method is-config="true" signature="Screenshot(org.testng.ITestResult)[pri:0, instance:com.testcases.TestElements@5f20155b]" started-at="2021-09-28T18:26:56 IST" name="Screenshot" finished-at="2021-09-28T18:26:56 IST" duration-ms="0" status="PASS">
          <params>
            <param index="0">
              <value>
                <![CDATA[[TestResult name=dynprop status=SUCCESS method=TestElements.dynprop()[pri:9, instance:com.testcases.TestElements@5f20155b] output={null}]]]>
              </value>
            </param>
          </params>
          <reporter-output>
          </reporter-output>
        </test-method> <!-- Screenshot -->
        <test-method is-config="true" signature="endreport()[pri:0, instance:com.testcases.TestElements@5f20155b]" started-at="2021-09-28T18:26:56 IST" name="endreport" finished-at="2021-09-28T18:26:57 IST" duration-ms="747" status="PASS">
          <reporter-output>
          </reporter-output>
        </test-method> <!-- endreport -->
      </class> <!-- com.testcases.TestElements -->
      <class name="com.testcases.TestAlert">
        <test-method is-config="true" signature="launch()[pri:0, instance:com.testcases.TestAlert@37911f88]" started-at="2021-09-28T18:27:32 IST" name="launch" finished-at="2021-09-28T18:27:38 IST" duration-ms="5550" status="PASS">
          <reporter-output>
          </reporter-output>
        </test-method> <!-- launch -->
        <test-method signature="alert()[pri:1, instance:com.testcases.TestAlert@37911f88]" started-at="2021-09-28T18:27:38 IST" name="alert" finished-at="2021-09-28T18:27:40 IST" duration-ms="2189" status="PASS">
          <reporter-output>
          </reporter-output>
        </test-method> <!-- alert -->
        <test-method is-config="true" signature="Screenshot(org.testng.ITestResult)[pri:0, instance:com.testcases.TestAlert@37911f88]" started-at="2021-09-28T18:27:40 IST" name="Screenshot" finished-at="2021-09-28T18:27:40 IST" duration-ms="0" status="PASS">
          <params>
            <param index="0">
              <value>
                <![CDATA[[TestResult name=alert status=SUCCESS method=TestAlert.alert()[pri:1, instance:com.testcases.TestAlert@37911f88] output={null}]]]>
              </value>
            </param>
          </params>
          <reporter-output>
          </reporter-output>
        </test-method> <!-- Screenshot -->
        <test-method signature="browserwindow()[pri:2, instance:com.testcases.TestAlert@37911f88]" started-at="2021-09-28T18:27:40 IST" name="browserwindow" finished-at="2021-09-28T18:27:51 IST" duration-ms="10873" status="PASS">
          <reporter-output>
          </reporter-output>
        </test-method> <!-- browserwindow -->
        <test-method is-config="true" signature="Screenshot(org.testng.ITestResult)[pri:0, instance:com.testcases.TestAlert@37911f88]" started-at="2021-09-28T18:27:51 IST" name="Screenshot" finished-at="2021-09-28T18:27:51 IST" duration-ms="0" status="PASS">
          <params>
            <param index="0">
              <value>
                <![CDATA[[TestResult name=browserwindow status=SUCCESS method=TestAlert.browserwindow()[pri:2, instance:com.testcases.TestAlert@37911f88] output={null}]]]>
              </value>
            </param>
          </params>
          <reporter-output>
          </reporter-output>
        </test-method> <!-- Screenshot -->
        <test-method signature="alert_tab()[pri:3, instance:com.testcases.TestAlert@37911f88]" started-at="2021-09-28T18:27:51 IST" name="alert_tab" finished-at="2021-09-28T18:28:09 IST" duration-ms="18480" status="PASS">
          <reporter-output>
          </reporter-output>
        </test-method> <!-- alert_tab -->
        <test-method is-config="true" signature="Screenshot(org.testng.ITestResult)[pri:0, instance:com.testcases.TestAlert@37911f88]" started-at="2021-09-28T18:28:09 IST" name="Screenshot" finished-at="2021-09-28T18:28:09 IST" duration-ms="1" status="PASS">
          <params>
            <param index="0">
              <value>
                <![CDATA[[TestResult name=alert_tab status=SUCCESS method=TestAlert.alert_tab()[pri:3, instance:com.testcases.TestAlert@37911f88] output={null}]]]>
              </value>
            </param>
          </params>
          <reporter-output>
          </reporter-output>
        </test-method> <!-- Screenshot -->
        <test-method signature="frames()[pri:4, instance:com.testcases.TestAlert@37911f88]" started-at="2021-09-28T18:28:09 IST" name="frames" finished-at="2021-09-28T18:28:22 IST" duration-ms="12260" status="PASS">
          <reporter-output>
          </reporter-output>
        </test-method> <!-- frames -->
        <test-method is-config="true" signature="Screenshot(org.testng.ITestResult)[pri:0, instance:com.testcases.TestAlert@37911f88]" started-at="2021-09-28T18:28:22 IST" name="Screenshot" finished-at="2021-09-28T18:28:22 IST" duration-ms="0" status="PASS">
          <params>
            <param index="0">
              <value>
                <![CDATA[[TestResult name=frames status=SUCCESS method=TestAlert.frames()[pri:4, instance:com.testcases.TestAlert@37911f88] output={null}]]]>
              </value>
            </param>
          </params>
          <reporter-output>
          </reporter-output>
        </test-method> <!-- Screenshot -->
        <test-method signature="nested()[pri:5, instance:com.testcases.TestAlert@37911f88]" started-at="2021-09-28T18:28:22 IST" name="nested" finished-at="2021-09-28T18:28:34 IST" duration-ms="12340" status="PASS">
          <reporter-output>
          </reporter-output>
        </test-method> <!-- nested -->
        <test-method is-config="true" signature="Screenshot(org.testng.ITestResult)[pri:0, instance:com.testcases.TestAlert@37911f88]" started-at="2021-09-28T18:28:34 IST" name="Screenshot" finished-at="2021-09-28T18:28:34 IST" duration-ms="1" status="PASS">
          <params>
            <param index="0">
              <value>
                <![CDATA[[TestResult name=nested status=SUCCESS method=TestAlert.nested()[pri:5, instance:com.testcases.TestAlert@37911f88] output={null}]]]>
              </value>
            </param>
          </params>
          <reporter-output>
          </reporter-output>
        </test-method> <!-- Screenshot -->
        <test-method signature="modal()[pri:6, instance:com.testcases.TestAlert@37911f88]" started-at="2021-09-28T18:28:34 IST" name="modal" finished-at="2021-09-28T18:28:44 IST" duration-ms="10388" status="PASS">
          <reporter-output>
          </reporter-output>
        </test-method> <!-- modal -->
        <test-method is-config="true" signature="Screenshot(org.testng.ITestResult)[pri:0, instance:com.testcases.TestAlert@37911f88]" started-at="2021-09-28T18:28:45 IST" name="Screenshot" finished-at="2021-09-28T18:28:45 IST" duration-ms="1" status="PASS">
          <params>
            <param index="0">
              <value>
                <![CDATA[[TestResult name=modal status=SUCCESS method=TestAlert.modal()[pri:6, instance:com.testcases.TestAlert@37911f88] output={null}]]]>
              </value>
            </param>
          </params>
          <reporter-output>
          </reporter-output>
        </test-method> <!-- Screenshot -->
        <test-method is-config="true" signature="quit()[pri:0, instance:com.testcases.TestAlert@37911f88]" started-at="2021-09-28T18:28:45 IST" name="quit" finished-at="2021-09-28T18:28:49 IST" duration-ms="4281" status="PASS">
          <reporter-output>
          </reporter-output>
        </test-method> <!-- quit -->
      </class> <!-- com.testcases.TestAlert -->
    </test> <!-- Test -->
  </suite> <!-- Suite -->
</testng-results>
